2025-05-28 17:25:14.226 [background-preinit] INFO  o.h.validator.internal.util.Version - HV000001: Hibernate Validator 8.0.2.Final
2025-05-28 17:25:14.250 [restartedMain] INFO  c.v.v.VehicleTrackingApplication - Starting VehicleTrackingApplication using Java 21 with PID 10272 (C:\Users\User\Downloads\vehicle_tracking\vehicle_tracking\target\classes started by User in C:\Users\User\Downloads\vehicle_tracking\vehicle_tracking)
2025-05-28 17:25:14.251 [restartedMain] INFO  c.v.v.VehicleTrackingApplication - No active profile set, falling back to 1 default profile: "default"
2025-05-28 17:25:14.276 [restartedMain] INFO  o.s.b.d.e.DevToolsPropertyDefaultsPostProcessor - Devtools property defaults active! Set 'spring.devtools.add-properties' to 'false' to disable
2025-05-28 17:25:14.277 [restartedMain] INFO  o.s.b.d.e.DevToolsPropertyDefaultsPostProcessor - For additional web related logging consider setting the 'logging.level.web' property to 'DEBUG'
2025-05-28 17:25:14.328 [restartedMain] DEBUG o.s.c.a.ClassPathBeanDefinitionScanner - Identified candidate component class: file [C:\Users\User\Downloads\vehicle_tracking\vehicle_tracking\target\classes\com\vehicle_tracking\vehicle_tracking\aspects\AuditLogging.class]
2025-05-28 17:25:14.329 [restartedMain] DEBUG o.s.c.a.ClassPathBeanDefinitionScanner - Identified candidate component class: file [C:\Users\User\Downloads\vehicle_tracking\vehicle_tracking\target\classes\com\vehicle_tracking\vehicle_tracking\aspects\LoggingAspect.class]
2025-05-28 17:25:14.334 [restartedMain] DEBUG o.s.c.a.ClassPathBeanDefinitionScanner - Identified candidate component class: file [C:\Users\User\Downloads\vehicle_tracking\vehicle_tracking\target\classes\com\vehicle_tracking\vehicle_tracking\config\BeansConfig.class]
2025-05-28 17:25:14.337 [restartedMain] DEBUG o.s.c.a.ClassPathBeanDefinitionScanner - Identified candidate component class: file [C:\Users\User\Downloads\vehicle_tracking\vehicle_tracking\target\classes\com\vehicle_tracking\vehicle_tracking\config\OpenApiConfigs.class]
2025-05-28 17:25:14.338 [restartedMain] DEBUG o.s.c.a.ClassPathBeanDefinitionScanner - Identified candidate component class: file [C:\Users\User\Downloads\vehicle_tracking\vehicle_tracking\target\classes\com\vehicle_tracking\vehicle_tracking\config\WebConfig.class]
2025-05-28 17:25:14.343 [restartedMain] DEBUG o.s.c.a.ClassPathBeanDefinitionScanner - Identified candidate component class: file [C:\Users\User\Downloads\vehicle_tracking\vehicle_tracking\target\classes\com\vehicle_tracking\vehicle_tracking\controllers\AuditLogController.class]
2025-05-28 17:25:14.345 [restartedMain] DEBUG o.s.c.a.ClassPathBeanDefinitionScanner - Identified candidate component class: file [C:\Users\User\Downloads\vehicle_tracking\vehicle_tracking\target\classes\com\vehicle_tracking\vehicle_tracking\controllers\AuthController.class]
2025-05-28 17:25:14.352 [restartedMain] DEBUG o.s.c.a.ClassPathBeanDefinitionScanner - Identified candidate component class: file [C:\Users\User\Downloads\vehicle_tracking\vehicle_tracking\target\classes\com\vehicle_tracking\vehicle_tracking\controllers\FileController.class]
2025-05-28 17:25:14.353 [restartedMain] DEBUG o.s.c.a.ClassPathBeanDefinitionScanner - Identified candidate component class: file [C:\Users\User\Downloads\vehicle_tracking\vehicle_tracking\target\classes\com\vehicle_tracking\vehicle_tracking\controllers\OwnerController.class]
2025-05-28 17:25:14.354 [restartedMain] DEBUG o.s.c.a.ClassPathBeanDefinitionScanner - Identified candidate component class: file [C:\Users\User\Downloads\vehicle_tracking\vehicle_tracking\target\classes\com\vehicle_tracking\vehicle_tracking\controllers\PdfDownloadController.class]
2025-05-28 17:25:14.354 [restartedMain] DEBUG o.s.c.a.ClassPathBeanDefinitionScanner - Identified candidate component class: file [C:\Users\User\Downloads\vehicle_tracking\vehicle_tracking\target\classes\com\vehicle_tracking\vehicle_tracking\controllers\PlateController.class]
2025-05-28 17:25:14.355 [restartedMain] DEBUG o.s.c.a.ClassPathBeanDefinitionScanner - Identified candidate component class: file [C:\Users\User\Downloads\vehicle_tracking\vehicle_tracking\target\classes\com\vehicle_tracking\vehicle_tracking\controllers\ReportController.class]
2025-05-28 17:25:14.355 [restartedMain] DEBUG o.s.c.a.ClassPathBeanDefinitionScanner - Identified candidate component class: file [C:\Users\User\Downloads\vehicle_tracking\vehicle_tracking\target\classes\com\vehicle_tracking\vehicle_tracking\controllers\TransferController.class]
2025-05-28 17:25:14.356 [restartedMain] DEBUG o.s.c.a.ClassPathBeanDefinitionScanner - Identified candidate component class: file [C:\Users\User\Downloads\vehicle_tracking\vehicle_tracking\target\classes\com\vehicle_tracking\vehicle_tracking\controllers\UserController.class]
2025-05-28 17:25:14.356 [restartedMain] DEBUG o.s.c.a.ClassPathBeanDefinitionScanner - Identified candidate component class: file [C:\Users\User\Downloads\vehicle_tracking\vehicle_tracking\target\classes\com\vehicle_tracking\vehicle_tracking\controllers\VehicleController.class]
2025-05-28 17:25:14.357 [restartedMain] DEBUG o.s.c.a.ClassPathBeanDefinitionScanner - Identified candidate component class: file [C:\Users\User\Downloads\vehicle_tracking\vehicle_tracking\target\classes\com\vehicle_tracking\vehicle_tracking\controllers\VehicleOwnershipHistoryController.class]
2025-05-28 17:25:14.369 [restartedMain] DEBUG o.s.c.a.ClassPathBeanDefinitionScanner - Identified candidate component class: file [C:\Users\User\Downloads\vehicle_tracking\vehicle_tracking\target\classes\com\vehicle_tracking\vehicle_tracking\exceptions\GlobalExceptionHandler.class]
2025-05-28 17:25:14.371 [restartedMain] DEBUG o.s.c.a.ClassPathBeanDefinitionScanner - Identified candidate component class: file [C:\Users\User\Downloads\vehicle_tracking\vehicle_tracking\target\classes\com\vehicle_tracking\vehicle_tracking\mappers\OwnerMapper.class]
2025-05-28 17:25:14.371 [restartedMain] DEBUG o.s.c.a.ClassPathBeanDefinitionScanner - Identified candidate component class: file [C:\Users\User\Downloads\vehicle_tracking\vehicle_tracking\target\classes\com\vehicle_tracking\vehicle_tracking\mappers\VehicleMapper.class]
2025-05-28 17:25:14.375 [restartedMain] DEBUG o.s.c.a.ClassPathBeanDefinitionScanner - Ignored because not a concrete top-level class: file [C:\Users\User\Downloads\vehicle_tracking\vehicle_tracking\target\classes\com\vehicle_tracking\vehicle_tracking\repositories\AuditLogRepository.class]
2025-05-28 17:25:14.376 [restartedMain] DEBUG o.s.c.a.ClassPathBeanDefinitionScanner - Ignored because not a concrete top-level class: file [C:\Users\User\Downloads\vehicle_tracking\vehicle_tracking\target\classes\com\vehicle_tracking\vehicle_tracking\repositories\FileRepository.class]
2025-05-28 17:25:14.376 [restartedMain] DEBUG o.s.c.a.ClassPathBeanDefinitionScanner - Ignored because not a concrete top-level class: file [C:\Users\User\Downloads\vehicle_tracking\vehicle_tracking\target\classes\com\vehicle_tracking\vehicle_tracking\repositories\LicensePlateRepository.class]
2025-05-28 17:25:14.376 [restartedMain] DEBUG o.s.c.a.ClassPathBeanDefinitionScanner - Ignored because not a concrete top-level class: file [C:\Users\User\Downloads\vehicle_tracking\vehicle_tracking\target\classes\com\vehicle_tracking\vehicle_tracking\repositories\OwnerRepository.class]
2025-05-28 17:25:14.379 [restartedMain] DEBUG o.s.c.a.ClassPathBeanDefinitionScanner - Ignored because not a concrete top-level class: file [C:\Users\User\Downloads\vehicle_tracking\vehicle_tracking\target\classes\com\vehicle_tracking\vehicle_tracking\repositories\PlateRepository.class]
2025-05-28 17:25:14.379 [restartedMain] DEBUG o.s.c.a.ClassPathBeanDefinitionScanner - Ignored because not a concrete top-level class: file [C:\Users\User\Downloads\vehicle_tracking\vehicle_tracking\target\classes\com\vehicle_tracking\vehicle_tracking\repositories\RoleRepository.class]
2025-05-28 17:25:14.379 [restartedMain] DEBUG o.s.c.a.ClassPathBeanDefinitionScanner - Ignored because not a concrete top-level class: file [C:\Users\User\Downloads\vehicle_tracking\vehicle_tracking\target\classes\com\vehicle_tracking\vehicle_tracking\repositories\TransferRepository.class]
2025-05-28 17:25:14.380 [restartedMain] DEBUG o.s.c.a.ClassPathBeanDefinitionScanner - Ignored because not a concrete top-level class: file [C:\Users\User\Downloads\vehicle_tracking\vehicle_tracking\target\classes\com\vehicle_tracking\vehicle_tracking\repositories\UserRepository.class]
2025-05-28 17:25:14.380 [restartedMain] DEBUG o.s.c.a.ClassPathBeanDefinitionScanner - Ignored because not a concrete top-level class: file [C:\Users\User\Downloads\vehicle_tracking\vehicle_tracking\target\classes\com\vehicle_tracking\vehicle_tracking\repositories\VehicleTransferRepository.class]
2025-05-28 17:25:14.381 [restartedMain] DEBUG o.s.c.a.ClassPathBeanDefinitionScanner - Identified candidate component class: file [C:\Users\User\Downloads\vehicle_tracking\vehicle_tracking\target\classes\com\vehicle_tracking\vehicle_tracking\schedulers\LicensePlateExpirationScheduler.class]
2025-05-28 17:25:14.382 [restartedMain] DEBUG o.s.c.a.ClassPathBeanDefinitionScanner - Identified candidate component class: file [C:\Users\User\Downloads\vehicle_tracking\vehicle_tracking\target\classes\com\vehicle_tracking\vehicle_tracking\security\CustomUserDetailsService.class]
2025-05-28 17:25:14.382 [restartedMain] DEBUG o.s.c.a.ClassPathBeanDefinitionScanner - Identified candidate component class: file [C:\Users\User\Downloads\vehicle_tracking\vehicle_tracking\target\classes\com\vehicle_tracking\vehicle_tracking\security\jwt\JwtAuthenticationEntryPoint.class]
2025-05-28 17:25:14.383 [restartedMain] DEBUG o.s.c.a.ClassPathBeanDefinitionScanner - Identified candidate component class: file [C:\Users\User\Downloads\vehicle_tracking\vehicle_tracking\target\classes\com\vehicle_tracking\vehicle_tracking\security\jwt\JwtAuthenticationFilter.class]
2025-05-28 17:25:14.383 [restartedMain] DEBUG o.s.c.a.ClassPathBeanDefinitionScanner - Identified candidate component class: file [C:\Users\User\Downloads\vehicle_tracking\vehicle_tracking\target\classes\com\vehicle_tracking\vehicle_tracking\security\jwt\JwtTokenProvider.class]
2025-05-28 17:25:14.386 [restartedMain] DEBUG o.s.c.a.ClassPathBeanDefinitionScanner - Identified candidate component class: file [C:\Users\User\Downloads\vehicle_tracking\vehicle_tracking\target\classes\com\vehicle_tracking\vehicle_tracking\security\SecurityConfig.class]
2025-05-28 17:25:14.390 [restartedMain] DEBUG o.s.c.a.ClassPathBeanDefinitionScanner - Identified candidate component class: file [C:\Users\User\Downloads\vehicle_tracking\vehicle_tracking\target\classes\com\vehicle_tracking\vehicle_tracking\services\impl\AuthServiceImpl.class]
2025-05-28 17:25:14.390 [restartedMain] DEBUG o.s.c.a.ClassPathBeanDefinitionScanner - Identified candidate component class: file [C:\Users\User\Downloads\vehicle_tracking\vehicle_tracking\target\classes\com\vehicle_tracking\vehicle_tracking\services\impl\FileService.class]
2025-05-28 17:25:14.391 [restartedMain] DEBUG o.s.c.a.ClassPathBeanDefinitionScanner - Identified candidate component class: file [C:\Users\User\Downloads\vehicle_tracking\vehicle_tracking\target\classes\com\vehicle_tracking\vehicle_tracking\services\impl\OwnerServiceImpl.class]
2025-05-28 17:25:14.391 [restartedMain] DEBUG o.s.c.a.ClassPathBeanDefinitionScanner - Identified candidate component class: file [C:\Users\User\Downloads\vehicle_tracking\vehicle_tracking\target\classes\com\vehicle_tracking\vehicle_tracking\services\impl\OwnerShipServiceImpl.class]
2025-05-28 17:25:14.392 [restartedMain] DEBUG o.s.c.a.ClassPathBeanDefinitionScanner - Identified candidate component class: file [C:\Users\User\Downloads\vehicle_tracking\vehicle_tracking\target\classes\com\vehicle_tracking\vehicle_tracking\services\impl\PlateNumberServiceImpl.class]
2025-05-28 17:25:14.392 [restartedMain] DEBUG o.s.c.a.ClassPathBeanDefinitionScanner - Identified candidate component class: file [C:\Users\User\Downloads\vehicle_tracking\vehicle_tracking\target\classes\com\vehicle_tracking\vehicle_tracking\services\impl\ReportService.class]
2025-05-28 17:25:14.393 [restartedMain] DEBUG o.s.c.a.ClassPathBeanDefinitionScanner - Identified candidate component class: file [C:\Users\User\Downloads\vehicle_tracking\vehicle_tracking\target\classes\com\vehicle_tracking\vehicle_tracking\services\impl\TransferService.class]
2025-05-28 17:25:14.393 [restartedMain] DEBUG o.s.c.a.ClassPathBeanDefinitionScanner - Identified candidate component class: file [C:\Users\User\Downloads\vehicle_tracking\vehicle_tracking\target\classes\com\vehicle_tracking\vehicle_tracking\services\impl\UserServiceImpl.class]
2025-05-28 17:25:14.393 [restartedMain] DEBUG o.s.c.a.ClassPathBeanDefinitionScanner - Identified candidate component class: file [C:\Users\User\Downloads\vehicle_tracking\vehicle_tracking\target\classes\com\vehicle_tracking\vehicle_tracking\services\impl\VehicleOwnershipHistoryService.class]
2025-05-28 17:25:14.394 [restartedMain] DEBUG o.s.c.a.ClassPathBeanDefinitionScanner - Identified candidate component class: file [C:\Users\User\Downloads\vehicle_tracking\vehicle_tracking\target\classes\com\vehicle_tracking\vehicle_tracking\services\impl\VehicleServiceImpl.class]
2025-05-28 17:25:14.395 [restartedMain] DEBUG o.s.c.a.ClassPathBeanDefinitionScanner - Identified candidate component class: file [C:\Users\User\Downloads\vehicle_tracking\vehicle_tracking\target\classes\com\vehicle_tracking\vehicle_tracking\services\standalone\FileStorageService.class]
2025-05-28 17:25:14.396 [restartedMain] DEBUG o.s.c.a.ClassPathBeanDefinitionScanner - Identified candidate component class: file [C:\Users\User\Downloads\vehicle_tracking\vehicle_tracking\target\classes\com\vehicle_tracking\vehicle_tracking\services\standalone\MailService.class]
2025-05-28 17:25:14.396 [restartedMain] DEBUG o.s.c.a.ClassPathBeanDefinitionScanner - Identified candidate component class: file [C:\Users\User\Downloads\vehicle_tracking\vehicle_tracking\target\classes\com\vehicle_tracking\vehicle_tracking\services\standalone\PdfBoxGenerationService.class]
2025-05-28 17:25:14.805 [restartedMain] INFO  o.s.d.r.c.RepositoryConfigurationDelegate - Bootstrapping Spring Data JPA repositories in DEFAULT mode.
2025-05-28 17:25:14.846 [restartedMain] DEBUG o.s.c.a.ClassPathScanningCandidateComponentProvider - Identified candidate component class: file [C:\Users\User\Downloads\vehicle_tracking\vehicle_tracking\target\classes\com\vehicle_tracking\vehicle_tracking\audits\EntityAudit$EntityAuditBuilderImpl.class]
2025-05-28 17:25:14.846 [restartedMain] DEBUG o.s.c.a.ClassPathScanningCandidateComponentProvider - Identified candidate component class: file [C:\Users\User\Downloads\vehicle_tracking\vehicle_tracking\target\classes\com\vehicle_tracking\vehicle_tracking\services\impl\AuthServiceImpl.class]
2025-05-28 17:25:14.846 [restartedMain] DEBUG o.s.c.a.ClassPathScanningCandidateComponentProvider - Identified candidate component class: file [C:\Users\User\Downloads\vehicle_tracking\vehicle_tracking\target\classes\com\vehicle_tracking\vehicle_tracking\services\impl\OwnerServiceImpl.class]
2025-05-28 17:25:14.846 [restartedMain] DEBUG o.s.c.a.ClassPathScanningCandidateComponentProvider - Identified candidate component class: file [C:\Users\User\Downloads\vehicle_tracking\vehicle_tracking\target\classes\com\vehicle_tracking\vehicle_tracking\services\impl\OwnerShipServiceImpl.class]
2025-05-28 17:25:14.846 [restartedMain] DEBUG o.s.c.a.ClassPathScanningCandidateComponentProvider - Identified candidate component class: file [C:\Users\User\Downloads\vehicle_tracking\vehicle_tracking\target\classes\com\vehicle_tracking\vehicle_tracking\services\impl\PlateNumberServiceImpl.class]
2025-05-28 17:25:14.847 [restartedMain] DEBUG o.s.c.a.ClassPathScanningCandidateComponentProvider - Identified candidate component class: file [C:\Users\User\Downloads\vehicle_tracking\vehicle_tracking\target\classes\com\vehicle_tracking\vehicle_tracking\services\impl\UserServiceImpl.class]
2025-05-28 17:25:14.847 [restartedMain] DEBUG o.s.c.a.ClassPathScanningCandidateComponentProvider - Identified candidate component class: file [C:\Users\User\Downloads\vehicle_tracking\vehicle_tracking\target\classes\com\vehicle_tracking\vehicle_tracking\services\impl\VehicleServiceImpl.class]
2025-05-28 17:25:14.859 [restartedMain] INFO  o.s.d.r.c.RepositoryConfigurationDelegate - Finished Spring Data repository scanning in 48 ms. Found 9 JPA repository interfaces.
2025-05-28 17:25:15.328 [restartedMain] INFO  o.s.b.w.e.tomcat.TomcatWebServer - Tomcat initialized with port 7000 (http)
2025-05-28 17:25:15.336 [restartedMain] INFO  o.a.coyote.http11.Http11NioProtocol - Initializing ProtocolHandler ["http-nio-7000"]
2025-05-28 17:25:15.337 [restartedMain] INFO  o.a.catalina.core.StandardService - Starting service [Tomcat]
2025-05-28 17:25:15.337 [restartedMain] INFO  o.a.catalina.core.StandardEngine - Starting Servlet engine: [Apache Tomcat/10.1.41]
2025-05-28 17:25:15.364 [restartedMain] INFO  o.a.c.c.C.[Tomcat].[localhost].[/] - Initializing Spring embedded WebApplicationContext
2025-05-28 17:25:15.364 [restartedMain] INFO  o.s.b.w.s.c.ServletWebServerApplicationContext - Root WebApplicationContext: initialization completed in 1087 ms
2025-05-28 17:25:15.454 [restartedMain] INFO  o.h.jpa.internal.util.LogHelper - HHH000204: Processing PersistenceUnitInfo [name: default]
2025-05-28 17:25:15.480 [restartedMain] INFO  org.hibernate.Version - HHH000412: Hibernate ORM core version 6.6.15.Final
2025-05-28 17:25:15.497 [restartedMain] INFO  o.h.c.i.RegionFactoryInitiator - HHH000026: Second-level cache disabled
2025-05-28 17:25:15.634 [restartedMain] INFO  o.s.o.j.p.SpringPersistenceUnitInfo - No LoadTimeWeaver setup: ignoring JPA class transformer
2025-05-28 17:25:15.651 [restartedMain] INFO  com.zaxxer.hikari.HikariDataSource - HikariPool-1 - Starting...
2025-05-28 17:25:15.739 [restartedMain] INFO  com.zaxxer.hikari.pool.HikariPool - HikariPool-1 - Added connection org.postgresql.jdbc.PgConnection@179958a4
2025-05-28 17:25:15.741 [restartedMain] INFO  com.zaxxer.hikari.HikariDataSource - HikariPool-1 - Start completed.
2025-05-28 17:25:15.757 [restartedMain] WARN  org.hibernate.orm.deprecation - HHH90000025: PostgreSQLDialect does not need to be specified explicitly using 'hibernate.dialect' (remove the property setting and it will be selected by default)
2025-05-28 17:25:15.767 [restartedMain] INFO  o.hibernate.orm.connections.pooling - HHH10001005: Database info:
	Database JDBC URL [Connecting through datasource 'HikariDataSource (HikariPool-1)']
	Database driver: undefined/unknown
	Database version: 17.4
	Autocommit mode: undefined/unknown
	Isolation level: undefined/unknown
	Minimum pool size: undefined/unknown
	Maximum pool size: undefined/unknown
2025-05-28 17:25:16.412 [restartedMain] INFO  o.h.e.t.j.p.i.JtaPlatformInitiator - HHH000489: No JTA platform available (set 'hibernate.transaction.jta.platform' to enable JTA platform integration)
2025-05-28 17:25:16.776 [restartedMain] INFO  o.s.o.j.LocalContainerEntityManagerFactoryBean - Initialized JPA EntityManagerFactory for persistence unit 'default'
2025-05-28 17:25:16.951 [restartedMain] INFO  o.s.d.j.r.query.QueryEnhancerFactory - Hibernate is in classpath; If applicable, HQL parser will be used.
2025-05-28 17:25:17.398 [restartedMain] INFO  o.s.s.c.a.a.c.InitializeUserDetailsBeanManagerConfigurer$InitializeUserDetailsManagerConfigurer - Global AuthenticationManager configured with UserDetailsService bean with name customUserDetailsService
2025-05-28 17:25:18.087 [restartedMain] WARN  o.s.b.a.o.j.JpaBaseConfiguration$JpaWebConfiguration - spring.jpa.open-in-view is enabled by default. Therefore, database queries may be performed during view rendering. Explicitly configure spring.jpa.open-in-view to disable this warning
2025-05-28 17:25:18.261 [restartedMain] DEBUG o.s.s.web.DefaultSecurityFilterChain - Will secure any request with filters: DisableEncodeUrlFilter, WebAsyncManagerIntegrationFilter, SecurityContextHolderFilter, HeaderWriterFilter, LogoutFilter, JwtAuthenticationFilter, RequestCacheAwareFilter, SecurityContextHolderAwareRequestFilter, AnonymousAuthenticationFilter, SessionManagementFilter, ExceptionTranslationFilter, AuthorizationFilter
2025-05-28 17:25:18.492 [restartedMain] INFO  o.s.b.d.a.OptionalLiveReloadServer - LiveReload server is running on port 35729
2025-05-28 17:25:18.509 [restartedMain] INFO  o.a.coyote.http11.Http11NioProtocol - Starting ProtocolHandler ["http-nio-7000"]
2025-05-28 17:25:18.518 [restartedMain] INFO  o.s.b.w.e.tomcat.TomcatWebServer - Tomcat started on port 7000 (http) with context path '/'
2025-05-28 17:25:18.523 [restartedMain] INFO  c.v.v.VehicleTrackingApplication - Started VehicleTrackingApplication in 4.575 seconds (process running for 4.947)
2025-05-28 17:25:53.384 [http-nio-7000-exec-1] INFO  o.a.c.c.C.[Tomcat].[localhost].[/] - Initializing Spring DispatcherServlet 'dispatcherServlet'
2025-05-28 17:25:53.384 [http-nio-7000-exec-1] INFO  o.s.web.servlet.DispatcherServlet - Initializing Servlet 'dispatcherServlet'
2025-05-28 17:25:53.385 [http-nio-7000-exec-1] INFO  o.s.web.servlet.DispatcherServlet - Completed initialization in 1 ms
2025-05-28 17:25:53.394 [http-nio-7000-exec-1] DEBUG o.s.security.web.FilterChainProxy - Securing GET /swagger-u.html
2025-05-28 17:25:53.398 [http-nio-7000-exec-1] DEBUG o.s.s.w.a.AnonymousAuthenticationFilter - Set SecurityContextHolder to anonymous SecurityContext
2025-05-28 17:25:53.400 [http-nio-7000-exec-1] ERROR c.v.v.s.j.JwtAuthenticationEntryPoint - Responding with unauthorized error. Path: /swagger-u.html. Message: Full authentication is required to access this resource
2025-05-28 17:25:54.312 [http-nio-7000-exec-3] DEBUG o.s.security.web.FilterChainProxy - Securing GET /favicon.ico
2025-05-28 17:25:54.312 [http-nio-7000-exec-3] DEBUG o.s.s.w.a.AnonymousAuthenticationFilter - Set SecurityContextHolder to anonymous SecurityContext
2025-05-28 17:25:54.313 [http-nio-7000-exec-3] ERROR c.v.v.s.j.JwtAuthenticationEntryPoint - Responding with unauthorized error. Path: /favicon.ico. Message: Full authentication is required to access this resource
2025-05-28 17:25:59.941 [http-nio-7000-exec-2] DEBUG o.s.security.web.FilterChainProxy - Securing GET /swagger-ui.html
2025-05-28 17:25:59.941 [http-nio-7000-exec-2] DEBUG o.s.s.w.a.AnonymousAuthenticationFilter - Set SecurityContextHolder to anonymous SecurityContext
2025-05-28 17:25:59.943 [http-nio-7000-exec-2] DEBUG o.s.security.web.FilterChainProxy - Secured GET /swagger-ui.html
2025-05-28 17:26:00.078 [http-nio-7000-exec-4] DEBUG o.s.security.web.FilterChainProxy - Securing GET /swagger-ui/index.html
2025-05-28 17:26:00.078 [http-nio-7000-exec-4] DEBUG o.s.s.w.a.AnonymousAuthenticationFilter - Set SecurityContextHolder to anonymous SecurityContext
2025-05-28 17:26:00.078 [http-nio-7000-exec-4] DEBUG o.s.security.web.FilterChainProxy - Secured GET /swagger-ui/index.html
2025-05-28 17:26:00.101 [http-nio-7000-exec-5] DEBUG o.s.security.web.FilterChainProxy - Securing GET /swagger-ui/swagger-ui.css
2025-05-28 17:26:00.101 [http-nio-7000-exec-5] DEBUG o.s.s.w.a.AnonymousAuthenticationFilter - Set SecurityContextHolder to anonymous SecurityContext
2025-05-28 17:26:00.101 [http-nio-7000-exec-5] DEBUG o.s.security.web.FilterChainProxy - Secured GET /swagger-ui/swagger-ui.css
2025-05-28 17:26:00.104 [http-nio-7000-exec-6] DEBUG o.s.security.web.FilterChainProxy - Securing GET /swagger-ui/index.css
2025-05-28 17:26:00.104 [http-nio-7000-exec-7] DEBUG o.s.security.web.FilterChainProxy - Securing GET /swagger-ui/swagger-ui-bundle.js
2025-05-28 17:26:00.104 [http-nio-7000-exec-8] DEBUG o.s.security.web.FilterChainProxy - Securing GET /swagger-ui/swagger-ui-standalone-preset.js
2025-05-28 17:26:00.104 [http-nio-7000-exec-10] DEBUG o.s.security.web.FilterChainProxy - Securing GET /swagger-ui/swagger-initializer.js
2025-05-28 17:26:00.104 [http-nio-7000-exec-6] DEBUG o.s.s.w.a.AnonymousAuthenticationFilter - Set SecurityContextHolder to anonymous SecurityContext
2025-05-28 17:26:00.104 [http-nio-7000-exec-8] DEBUG o.s.s.w.a.AnonymousAuthenticationFilter - Set SecurityContextHolder to anonymous SecurityContext
2025-05-28 17:26:00.104 [http-nio-7000-exec-6] DEBUG o.s.security.web.FilterChainProxy - Secured GET /swagger-ui/index.css
2025-05-28 17:26:00.104 [http-nio-7000-exec-7] DEBUG o.s.s.w.a.AnonymousAuthenticationFilter - Set SecurityContextHolder to anonymous SecurityContext
2025-05-28 17:26:00.104 [http-nio-7000-exec-8] DEBUG o.s.security.web.FilterChainProxy - Secured GET /swagger-ui/swagger-ui-standalone-preset.js
2025-05-28 17:26:00.104 [http-nio-7000-exec-10] DEBUG o.s.s.w.a.AnonymousAuthenticationFilter - Set SecurityContextHolder to anonymous SecurityContext
2025-05-28 17:26:00.104 [http-nio-7000-exec-7] DEBUG o.s.security.web.FilterChainProxy - Secured GET /swagger-ui/swagger-ui-bundle.js
2025-05-28 17:26:00.104 [http-nio-7000-exec-10] DEBUG o.s.security.web.FilterChainProxy - Secured GET /swagger-ui/swagger-initializer.js
2025-05-28 17:26:00.257 [http-nio-7000-exec-9] DEBUG o.s.security.web.FilterChainProxy - Securing GET /swagger-ui/favicon-32x32.png
2025-05-28 17:26:00.258 [http-nio-7000-exec-9] DEBUG o.s.s.w.a.AnonymousAuthenticationFilter - Set SecurityContextHolder to anonymous SecurityContext
2025-05-28 17:26:00.258 [http-nio-7000-exec-9] DEBUG o.s.security.web.FilterChainProxy - Secured GET /swagger-ui/favicon-32x32.png
2025-05-28 17:26:00.402 [http-nio-7000-exec-1] DEBUG o.s.security.web.FilterChainProxy - Securing GET /v3/api-docs/swagger-config
2025-05-28 17:26:00.403 [http-nio-7000-exec-1] DEBUG o.s.s.w.a.AnonymousAuthenticationFilter - Set SecurityContextHolder to anonymous SecurityContext
2025-05-28 17:26:00.404 [http-nio-7000-exec-1] DEBUG o.s.security.web.FilterChainProxy - Secured GET /v3/api-docs/swagger-config
2025-05-28 17:26:00.409 [http-nio-7000-exec-3] DEBUG o.s.security.web.FilterChainProxy - Securing GET /swagger-ui/favicon-32x32.png
2025-05-28 17:26:00.410 [http-nio-7000-exec-3] DEBUG o.s.s.w.a.AnonymousAuthenticationFilter - Set SecurityContextHolder to anonymous SecurityContext
2025-05-28 17:26:00.410 [http-nio-7000-exec-3] DEBUG o.s.security.web.FilterChainProxy - Secured GET /swagger-ui/favicon-32x32.png
2025-05-28 17:26:00.432 [http-nio-7000-exec-2] DEBUG o.s.security.web.FilterChainProxy - Securing GET /v3/api-docs
2025-05-28 17:26:00.548 [http-nio-7000-exec-2] DEBUG o.s.s.w.a.AnonymousAuthenticationFilter - Set SecurityContextHolder to anonymous SecurityContext
2025-05-28 17:26:00.549 [http-nio-7000-exec-2] DEBUG o.s.security.web.FilterChainProxy - Secured GET /v3/api-docs
2025-05-28 17:26:00.862 [http-nio-7000-exec-2] INFO  o.s.api.AbstractOpenApiResource - Init duration for springdoc-openapi is: 300 ms
2025-05-28 17:27:32.269 [SpringApplicationShutdownHook] INFO  o.s.b.w.e.tomcat.GracefulShutdown - Commencing graceful shutdown. Waiting for active requests to complete
2025-05-28 17:27:32.271 [tomcat-shutdown] INFO  o.s.b.w.e.tomcat.GracefulShutdown - Graceful shutdown complete
2025-05-28 17:27:32.274 [SpringApplicationShutdownHook] INFO  o.s.o.j.LocalContainerEntityManagerFactoryBean - Closing JPA EntityManagerFactory for persistence unit 'default'
2025-05-28 17:27:32.276 [SpringApplicationShutdownHook] INFO  com.zaxxer.hikari.HikariDataSource - HikariPool-1 - Shutdown initiated...
2025-05-28 17:27:32.277 [SpringApplicationShutdownHook] INFO  com.zaxxer.hikari.HikariDataSource - HikariPool-1 - Shutdown completed.
2025-05-28 17:27:35.451 [background-preinit] INFO  o.h.validator.internal.util.Version - HV000001: Hibernate Validator 8.0.2.Final
2025-05-28 17:27:35.477 [restartedMain] INFO  c.v.v.VehicleTrackingApplication - Starting VehicleTrackingApplication using Java 21 with PID 20224 (C:\Users\User\Downloads\vehicle_tracking\vehicle_tracking\target\classes started by User in C:\Users\User\Downloads\vehicle_tracking\vehicle_tracking)
2025-05-28 17:27:35.477 [restartedMain] INFO  c.v.v.VehicleTrackingApplication - No active profile set, falling back to 1 default profile: "default"
2025-05-28 17:27:35.501 [restartedMain] INFO  o.s.b.d.e.DevToolsPropertyDefaultsPostProcessor - Devtools property defaults active! Set 'spring.devtools.add-properties' to 'false' to disable
2025-05-28 17:27:35.501 [restartedMain] INFO  o.s.b.d.e.DevToolsPropertyDefaultsPostProcessor - For additional web related logging consider setting the 'logging.level.web' property to 'DEBUG'
2025-05-28 17:27:35.741 [restartedMain] DEBUG o.s.c.a.ClassPathBeanDefinitionScanner - Identified candidate component class: file [C:\Users\User\Downloads\vehicle_tracking\vehicle_tracking\target\classes\com\vehicle_tracking\vehicle_tracking\aspects\AuditLogging.class]
2025-05-28 17:27:35.742 [restartedMain] DEBUG o.s.c.a.ClassPathBeanDefinitionScanner - Identified candidate component class: file [C:\Users\User\Downloads\vehicle_tracking\vehicle_tracking\target\classes\com\vehicle_tracking\vehicle_tracking\aspects\LoggingAspect.class]
2025-05-28 17:27:35.746 [restartedMain] DEBUG o.s.c.a.ClassPathBeanDefinitionScanner - Identified candidate component class: file [C:\Users\User\Downloads\vehicle_tracking\vehicle_tracking\target\classes\com\vehicle_tracking\vehicle_tracking\config\BeansConfig.class]
2025-05-28 17:27:35.749 [restartedMain] DEBUG o.s.c.a.ClassPathBeanDefinitionScanner - Identified candidate component class: file [C:\Users\User\Downloads\vehicle_tracking\vehicle_tracking\target\classes\com\vehicle_tracking\vehicle_tracking\config\OpenApiConfigs.class]
2025-05-28 17:27:35.750 [restartedMain] DEBUG o.s.c.a.ClassPathBeanDefinitionScanner - Identified candidate component class: file [C:\Users\User\Downloads\vehicle_tracking\vehicle_tracking\target\classes\com\vehicle_tracking\vehicle_tracking\config\WebConfig.class]
2025-05-28 17:27:35.755 [restartedMain] DEBUG o.s.c.a.ClassPathBeanDefinitionScanner - Identified candidate component class: file [C:\Users\User\Downloads\vehicle_tracking\vehicle_tracking\target\classes\com\vehicle_tracking\vehicle_tracking\controllers\AuditLogController.class]
2025-05-28 17:27:35.756 [restartedMain] DEBUG o.s.c.a.ClassPathBeanDefinitionScanner - Identified candidate component class: file [C:\Users\User\Downloads\vehicle_tracking\vehicle_tracking\target\classes\com\vehicle_tracking\vehicle_tracking\controllers\AuthController.class]
2025-05-28 17:27:35.763 [restartedMain] DEBUG o.s.c.a.ClassPathBeanDefinitionScanner - Identified candidate component class: file [C:\Users\User\Downloads\vehicle_tracking\vehicle_tracking\target\classes\com\vehicle_tracking\vehicle_tracking\controllers\FileController.class]
2025-05-28 17:27:35.764 [restartedMain] DEBUG o.s.c.a.ClassPathBeanDefinitionScanner - Identified candidate component class: file [C:\Users\User\Downloads\vehicle_tracking\vehicle_tracking\target\classes\com\vehicle_tracking\vehicle_tracking\controllers\OwnerController.class]
2025-05-28 17:27:35.764 [restartedMain] DEBUG o.s.c.a.ClassPathBeanDefinitionScanner - Identified candidate component class: file [C:\Users\User\Downloads\vehicle_tracking\vehicle_tracking\target\classes\com\vehicle_tracking\vehicle_tracking\controllers\PdfDownloadController.class]
2025-05-28 17:27:35.765 [restartedMain] DEBUG o.s.c.a.ClassPathBeanDefinitionScanner - Identified candidate component class: file [C:\Users\User\Downloads\vehicle_tracking\vehicle_tracking\target\classes\com\vehicle_tracking\vehicle_tracking\controllers\PlateController.class]
2025-05-28 17:27:35.765 [restartedMain] DEBUG o.s.c.a.ClassPathBeanDefinitionScanner - Identified candidate component class: file [C:\Users\User\Downloads\vehicle_tracking\vehicle_tracking\target\classes\com\vehicle_tracking\vehicle_tracking\controllers\ReportController.class]
2025-05-28 17:27:35.766 [restartedMain] DEBUG o.s.c.a.ClassPathBeanDefinitionScanner - Identified candidate component class: file [C:\Users\User\Downloads\vehicle_tracking\vehicle_tracking\target\classes\com\vehicle_tracking\vehicle_tracking\controllers\TransferController.class]
2025-05-28 17:27:35.766 [restartedMain] DEBUG o.s.c.a.ClassPathBeanDefinitionScanner - Identified candidate component class: file [C:\Users\User\Downloads\vehicle_tracking\vehicle_tracking\target\classes\com\vehicle_tracking\vehicle_tracking\controllers\UserController.class]
2025-05-28 17:27:35.767 [restartedMain] DEBUG o.s.c.a.ClassPathBeanDefinitionScanner - Identified candidate component class: file [C:\Users\User\Downloads\vehicle_tracking\vehicle_tracking\target\classes\com\vehicle_tracking\vehicle_tracking\controllers\VehicleController.class]
2025-05-28 17:27:35.767 [restartedMain] DEBUG o.s.c.a.ClassPathBeanDefinitionScanner - Identified candidate component class: file [C:\Users\User\Downloads\vehicle_tracking\vehicle_tracking\target\classes\com\vehicle_tracking\vehicle_tracking\controllers\VehicleOwnershipHistoryController.class]
2025-05-28 17:27:35.779 [restartedMain] DEBUG o.s.c.a.ClassPathBeanDefinitionScanner - Identified candidate component class: file [C:\Users\User\Downloads\vehicle_tracking\vehicle_tracking\target\classes\com\vehicle_tracking\vehicle_tracking\exceptions\GlobalExceptionHandler.class]
2025-05-28 17:27:35.780 [restartedMain] DEBUG o.s.c.a.ClassPathBeanDefinitionScanner - Identified candidate component class: file [C:\Users\User\Downloads\vehicle_tracking\vehicle_tracking\target\classes\com\vehicle_tracking\vehicle_tracking\mappers\OwnerMapper.class]
2025-05-28 17:27:35.781 [restartedMain] DEBUG o.s.c.a.ClassPathBeanDefinitionScanner - Identified candidate component class: file [C:\Users\User\Downloads\vehicle_tracking\vehicle_tracking\target\classes\com\vehicle_tracking\vehicle_tracking\mappers\VehicleMapper.class]
2025-05-28 17:27:35.786 [restartedMain] DEBUG o.s.c.a.ClassPathBeanDefinitionScanner - Ignored because not a concrete top-level class: file [C:\Users\User\Downloads\vehicle_tracking\vehicle_tracking\target\classes\com\vehicle_tracking\vehicle_tracking\repositories\AuditLogRepository.class]
2025-05-28 17:27:35.786 [restartedMain] DEBUG o.s.c.a.ClassPathBeanDefinitionScanner - Ignored because not a concrete top-level class: file [C:\Users\User\Downloads\vehicle_tracking\vehicle_tracking\target\classes\com\vehicle_tracking\vehicle_tracking\repositories\FileRepository.class]
2025-05-28 17:27:35.786 [restartedMain] DEBUG o.s.c.a.ClassPathBeanDefinitionScanner - Ignored because not a concrete top-level class: file [C:\Users\User\Downloads\vehicle_tracking\vehicle_tracking\target\classes\com\vehicle_tracking\vehicle_tracking\repositories\LicensePlateRepository.class]
2025-05-28 17:27:35.787 [restartedMain] DEBUG o.s.c.a.ClassPathBeanDefinitionScanner - Ignored because not a concrete top-level class: file [C:\Users\User\Downloads\vehicle_tracking\vehicle_tracking\target\classes\com\vehicle_tracking\vehicle_tracking\repositories\OwnerRepository.class]
2025-05-28 17:27:35.788 [restartedMain] DEBUG o.s.c.a.ClassPathBeanDefinitionScanner - Ignored because not a concrete top-level class: file [C:\Users\User\Downloads\vehicle_tracking\vehicle_tracking\target\classes\com\vehicle_tracking\vehicle_tracking\repositories\PlateRepository.class]
2025-05-28 17:27:35.789 [restartedMain] DEBUG o.s.c.a.ClassPathBeanDefinitionScanner - Ignored because not a concrete top-level class: file [C:\Users\User\Downloads\vehicle_tracking\vehicle_tracking\target\classes\com\vehicle_tracking\vehicle_tracking\repositories\RoleRepository.class]
2025-05-28 17:27:35.789 [restartedMain] DEBUG o.s.c.a.ClassPathBeanDefinitionScanner - Ignored because not a concrete top-level class: file [C:\Users\User\Downloads\vehicle_tracking\vehicle_tracking\target\classes\com\vehicle_tracking\vehicle_tracking\repositories\TransferRepository.class]
2025-05-28 17:27:35.789 [restartedMain] DEBUG o.s.c.a.ClassPathBeanDefinitionScanner - Ignored because not a concrete top-level class: file [C:\Users\User\Downloads\vehicle_tracking\vehicle_tracking\target\classes\com\vehicle_tracking\vehicle_tracking\repositories\UserRepository.class]
2025-05-28 17:27:35.790 [restartedMain] DEBUG o.s.c.a.ClassPathBeanDefinitionScanner - Ignored because not a concrete top-level class: file [C:\Users\User\Downloads\vehicle_tracking\vehicle_tracking\target\classes\com\vehicle_tracking\vehicle_tracking\repositories\VehicleTransferRepository.class]
2025-05-28 17:27:35.791 [restartedMain] DEBUG o.s.c.a.ClassPathBeanDefinitionScanner - Identified candidate component class: file [C:\Users\User\Downloads\vehicle_tracking\vehicle_tracking\target\classes\com\vehicle_tracking\vehicle_tracking\schedulers\LicensePlateExpirationScheduler.class]
2025-05-28 17:27:35.792 [restartedMain] DEBUG o.s.c.a.ClassPathBeanDefinitionScanner - Identified candidate component class: file [C:\Users\User\Downloads\vehicle_tracking\vehicle_tracking\target\classes\com\vehicle_tracking\vehicle_tracking\security\CustomUserDetailsService.class]
2025-05-28 17:27:35.792 [restartedMain] DEBUG o.s.c.a.ClassPathBeanDefinitionScanner - Identified candidate component class: file [C:\Users\User\Downloads\vehicle_tracking\vehicle_tracking\target\classes\com\vehicle_tracking\vehicle_tracking\security\jwt\JwtAuthenticationEntryPoint.class]
2025-05-28 17:27:35.793 [restartedMain] DEBUG o.s.c.a.ClassPathBeanDefinitionScanner - Identified candidate component class: file [C:\Users\User\Downloads\vehicle_tracking\vehicle_tracking\target\classes\com\vehicle_tracking\vehicle_tracking\security\jwt\JwtAuthenticationFilter.class]
2025-05-28 17:27:35.793 [restartedMain] DEBUG o.s.c.a.ClassPathBeanDefinitionScanner - Identified candidate component class: file [C:\Users\User\Downloads\vehicle_tracking\vehicle_tracking\target\classes\com\vehicle_tracking\vehicle_tracking\security\jwt\JwtTokenProvider.class]
2025-05-28 17:27:35.796 [restartedMain] DEBUG o.s.c.a.ClassPathBeanDefinitionScanner - Identified candidate component class: file [C:\Users\User\Downloads\vehicle_tracking\vehicle_tracking\target\classes\com\vehicle_tracking\vehicle_tracking\security\SecurityConfig.class]
2025-05-28 17:27:35.797 [restartedMain] DEBUG o.s.c.a.ClassPathBeanDefinitionScanner - Identified candidate component class: file [C:\Users\User\Downloads\vehicle_tracking\vehicle_tracking\target\classes\com\vehicle_tracking\vehicle_tracking\services\impl\AuthServiceImpl.class]
2025-05-28 17:27:35.797 [restartedMain] DEBUG o.s.c.a.ClassPathBeanDefinitionScanner - Identified candidate component class: file [C:\Users\User\Downloads\vehicle_tracking\vehicle_tracking\target\classes\com\vehicle_tracking\vehicle_tracking\services\impl\FileService.class]
2025-05-28 17:27:35.797 [restartedMain] DEBUG o.s.c.a.ClassPathBeanDefinitionScanner - Identified candidate component class: file [C:\Users\User\Downloads\vehicle_tracking\vehicle_tracking\target\classes\com\vehicle_tracking\vehicle_tracking\services\impl\OwnerServiceImpl.class]
2025-05-28 17:27:35.798 [restartedMain] DEBUG o.s.c.a.ClassPathBeanDefinitionScanner - Identified candidate component class: file [C:\Users\User\Downloads\vehicle_tracking\vehicle_tracking\target\classes\com\vehicle_tracking\vehicle_tracking\services\impl\OwnerShipServiceImpl.class]
2025-05-28 17:27:35.798 [restartedMain] DEBUG o.s.c.a.ClassPathBeanDefinitionScanner - Identified candidate component class: file [C:\Users\User\Downloads\vehicle_tracking\vehicle_tracking\target\classes\com\vehicle_tracking\vehicle_tracking\services\impl\PlateNumberServiceImpl.class]
2025-05-28 17:27:35.798 [restartedMain] DEBUG o.s.c.a.ClassPathBeanDefinitionScanner - Identified candidate component class: file [C:\Users\User\Downloads\vehicle_tracking\vehicle_tracking\target\classes\com\vehicle_tracking\vehicle_tracking\services\impl\ReportService.class]
2025-05-28 17:27:35.799 [restartedMain] DEBUG o.s.c.a.ClassPathBeanDefinitionScanner - Identified candidate component class: file [C:\Users\User\Downloads\vehicle_tracking\vehicle_tracking\target\classes\com\vehicle_tracking\vehicle_tracking\services\impl\TransferService.class]
2025-05-28 17:27:35.799 [restartedMain] DEBUG o.s.c.a.ClassPathBeanDefinitionScanner - Identified candidate component class: file [C:\Users\User\Downloads\vehicle_tracking\vehicle_tracking\target\classes\com\vehicle_tracking\vehicle_tracking\services\impl\UserServiceImpl.class]
2025-05-28 17:27:35.799 [restartedMain] DEBUG o.s.c.a.ClassPathBeanDefinitionScanner - Identified candidate component class: file [C:\Users\User\Downloads\vehicle_tracking\vehicle_tracking\target\classes\com\vehicle_tracking\vehicle_tracking\services\impl\VehicleOwnershipHistoryService.class]
2025-05-28 17:27:35.800 [restartedMain] DEBUG o.s.c.a.ClassPathBeanDefinitionScanner - Identified candidate component class: file [C:\Users\User\Downloads\vehicle_tracking\vehicle_tracking\target\classes\com\vehicle_tracking\vehicle_tracking\services\impl\VehicleServiceImpl.class]
2025-05-28 17:27:35.801 [restartedMain] DEBUG o.s.c.a.ClassPathBeanDefinitionScanner - Identified candidate component class: file [C:\Users\User\Downloads\vehicle_tracking\vehicle_tracking\target\classes\com\vehicle_tracking\vehicle_tracking\services\standalone\FileStorageService.class]
2025-05-28 17:27:35.802 [restartedMain] DEBUG o.s.c.a.ClassPathBeanDefinitionScanner - Identified candidate component class: file [C:\Users\User\Downloads\vehicle_tracking\vehicle_tracking\target\classes\com\vehicle_tracking\vehicle_tracking\services\standalone\MailService.class]
2025-05-28 17:27:35.802 [restartedMain] DEBUG o.s.c.a.ClassPathBeanDefinitionScanner - Identified candidate component class: file [C:\Users\User\Downloads\vehicle_tracking\vehicle_tracking\target\classes\com\vehicle_tracking\vehicle_tracking\services\standalone\PdfBoxGenerationService.class]
2025-05-28 17:27:36.194 [restartedMain] INFO  o.s.d.r.c.RepositoryConfigurationDelegate - Bootstrapping Spring Data JPA repositories in DEFAULT mode.
2025-05-28 17:27:36.234 [restartedMain] DEBUG o.s.c.a.ClassPathScanningCandidateComponentProvider - Identified candidate component class: file [C:\Users\User\Downloads\vehicle_tracking\vehicle_tracking\target\classes\com\vehicle_tracking\vehicle_tracking\audits\EntityAudit$EntityAuditBuilderImpl.class]
2025-05-28 17:27:36.234 [restartedMain] DEBUG o.s.c.a.ClassPathScanningCandidateComponentProvider - Identified candidate component class: file [C:\Users\User\Downloads\vehicle_tracking\vehicle_tracking\target\classes\com\vehicle_tracking\vehicle_tracking\services\impl\AuthServiceImpl.class]
2025-05-28 17:27:36.234 [restartedMain] DEBUG o.s.c.a.ClassPathScanningCandidateComponentProvider - Identified candidate component class: file [C:\Users\User\Downloads\vehicle_tracking\vehicle_tracking\target\classes\com\vehicle_tracking\vehicle_tracking\services\impl\OwnerServiceImpl.class]
2025-05-28 17:27:36.234 [restartedMain] DEBUG o.s.c.a.ClassPathScanningCandidateComponentProvider - Identified candidate component class: file [C:\Users\User\Downloads\vehicle_tracking\vehicle_tracking\target\classes\com\vehicle_tracking\vehicle_tracking\services\impl\OwnerShipServiceImpl.class]
2025-05-28 17:27:36.234 [restartedMain] DEBUG o.s.c.a.ClassPathScanningCandidateComponentProvider - Identified candidate component class: file [C:\Users\User\Downloads\vehicle_tracking\vehicle_tracking\target\classes\com\vehicle_tracking\vehicle_tracking\services\impl\PlateNumberServiceImpl.class]
2025-05-28 17:27:36.234 [restartedMain] DEBUG o.s.c.a.ClassPathScanningCandidateComponentProvider - Identified candidate component class: file [C:\Users\User\Downloads\vehicle_tracking\vehicle_tracking\target\classes\com\vehicle_tracking\vehicle_tracking\services\impl\UserServiceImpl.class]
2025-05-28 17:27:36.234 [restartedMain] DEBUG o.s.c.a.ClassPathScanningCandidateComponentProvider - Identified candidate component class: file [C:\Users\User\Downloads\vehicle_tracking\vehicle_tracking\target\classes\com\vehicle_tracking\vehicle_tracking\services\impl\VehicleServiceImpl.class]
2025-05-28 17:27:36.246 [restartedMain] INFO  o.s.d.r.c.RepositoryConfigurationDelegate - Finished Spring Data repository scanning in 47 ms. Found 9 JPA repository interfaces.
2025-05-28 17:27:36.736 [restartedMain] INFO  o.s.b.w.e.tomcat.TomcatWebServer - Tomcat initialized with port 7000 (http)
2025-05-28 17:27:36.745 [restartedMain] INFO  o.a.coyote.http11.Http11NioProtocol - Initializing ProtocolHandler ["http-nio-7000"]
2025-05-28 17:27:36.746 [restartedMain] INFO  o.a.catalina.core.StandardService - Starting service [Tomcat]
2025-05-28 17:27:36.747 [restartedMain] INFO  o.a.catalina.core.StandardEngine - Starting Servlet engine: [Apache Tomcat/10.1.41]
2025-05-28 17:27:36.780 [restartedMain] INFO  o.a.c.c.C.[Tomcat].[localhost].[/] - Initializing Spring embedded WebApplicationContext
2025-05-28 17:27:36.781 [restartedMain] INFO  o.s.b.w.s.c.ServletWebServerApplicationContext - Root WebApplicationContext: initialization completed in 1106 ms
2025-05-28 17:27:36.893 [restartedMain] INFO  o.h.jpa.internal.util.LogHelper - HHH000204: Processing PersistenceUnitInfo [name: default]
2025-05-28 17:27:36.927 [restartedMain] INFO  org.hibernate.Version - HHH000412: Hibernate ORM core version 6.6.15.Final
2025-05-28 17:27:36.950 [restartedMain] INFO  o.h.c.i.RegionFactoryInitiator - HHH000026: Second-level cache disabled
2025-05-28 17:27:37.093 [restartedMain] INFO  o.s.o.j.p.SpringPersistenceUnitInfo - No LoadTimeWeaver setup: ignoring JPA class transformer
2025-05-28 17:27:37.111 [restartedMain] INFO  com.zaxxer.hikari.HikariDataSource - HikariPool-1 - Starting...
2025-05-28 17:27:37.199 [restartedMain] INFO  com.zaxxer.hikari.pool.HikariPool - HikariPool-1 - Added connection org.postgresql.jdbc.PgConnection@5b065f9d
2025-05-28 17:27:37.200 [restartedMain] INFO  com.zaxxer.hikari.HikariDataSource - HikariPool-1 - Start completed.
2025-05-28 17:27:37.218 [restartedMain] WARN  org.hibernate.orm.deprecation - HHH90000025: PostgreSQLDialect does not need to be specified explicitly using 'hibernate.dialect' (remove the property setting and it will be selected by default)
2025-05-28 17:27:37.227 [restartedMain] INFO  o.hibernate.orm.connections.pooling - HHH10001005: Database info:
	Database JDBC URL [Connecting through datasource 'HikariDataSource (HikariPool-1)']
	Database driver: undefined/unknown
	Database version: 17.4
	Autocommit mode: undefined/unknown
	Isolation level: undefined/unknown
	Minimum pool size: undefined/unknown
	Maximum pool size: undefined/unknown
2025-05-28 17:27:37.916 [restartedMain] INFO  o.h.e.t.j.p.i.JtaPlatformInitiator - HHH000489: No JTA platform available (set 'hibernate.transaction.jta.platform' to enable JTA platform integration)
2025-05-28 17:27:38.291 [restartedMain] INFO  o.s.o.j.LocalContainerEntityManagerFactoryBean - Initialized JPA EntityManagerFactory for persistence unit 'default'
2025-05-28 17:27:38.461 [restartedMain] INFO  o.s.d.j.r.query.QueryEnhancerFactory - Hibernate is in classpath; If applicable, HQL parser will be used.
2025-05-28 17:27:38.890 [restartedMain] INFO  o.s.s.c.a.a.c.InitializeUserDetailsBeanManagerConfigurer$InitializeUserDetailsManagerConfigurer - Global AuthenticationManager configured with UserDetailsService bean with name customUserDetailsService
2025-05-28 17:27:39.593 [restartedMain] WARN  o.s.b.a.o.j.JpaBaseConfiguration$JpaWebConfiguration - spring.jpa.open-in-view is enabled by default. Therefore, database queries may be performed during view rendering. Explicitly configure spring.jpa.open-in-view to disable this warning
2025-05-28 17:27:39.763 [restartedMain] DEBUG o.s.s.web.DefaultSecurityFilterChain - Will secure any request with filters: DisableEncodeUrlFilter, WebAsyncManagerIntegrationFilter, SecurityContextHolderFilter, HeaderWriterFilter, LogoutFilter, JwtAuthenticationFilter, RequestCacheAwareFilter, SecurityContextHolderAwareRequestFilter, AnonymousAuthenticationFilter, SessionManagementFilter, ExceptionTranslationFilter, AuthorizationFilter
2025-05-28 17:27:39.990 [restartedMain] INFO  o.s.b.d.a.OptionalLiveReloadServer - LiveReload server is running on port 35729
2025-05-28 17:27:40.005 [restartedMain] INFO  o.a.coyote.http11.Http11NioProtocol - Starting ProtocolHandler ["http-nio-7000"]
2025-05-28 17:27:40.014 [restartedMain] INFO  o.s.b.w.e.tomcat.TomcatWebServer - Tomcat started on port 7000 (http) with context path '/'
2025-05-28 17:27:40.019 [restartedMain] INFO  c.v.v.VehicleTrackingApplication - Started VehicleTrackingApplication in 4.837 seconds (process running for 5.209)
2025-05-28 17:28:52.538 [SpringApplicationShutdownHook] INFO  o.s.b.w.e.tomcat.GracefulShutdown - Commencing graceful shutdown. Waiting for active requests to complete
2025-05-28 17:28:52.538 [tomcat-shutdown] INFO  o.s.b.w.e.tomcat.GracefulShutdown - Graceful shutdown complete
2025-05-28 17:28:52.553 [SpringApplicationShutdownHook] INFO  o.s.o.j.LocalContainerEntityManagerFactoryBean - Closing JPA EntityManagerFactory for persistence unit 'default'
2025-05-28 17:28:52.553 [SpringApplicationShutdownHook] INFO  com.zaxxer.hikari.HikariDataSource - HikariPool-1 - Shutdown initiated...
2025-05-28 17:28:52.553 [SpringApplicationShutdownHook] INFO  com.zaxxer.hikari.HikariDataSource - HikariPool-1 - Shutdown completed.
2025-05-28 17:30:08.492 [background-preinit] INFO  o.h.validator.internal.util.Version - HV000001: Hibernate Validator 8.0.2.Final
2025-05-28 17:30:08.516 [restartedMain] INFO  c.v.v.VehicleTrackingApplication - Starting VehicleTrackingApplication using Java 21.0.3 with PID 19220 (C:\Users\User\Documents\ne_2025\340722SPE0412025_ADV_JAVA\vehicle_tracking\target\classes started by User in C:\Users\User\Documents\ne_2025\340722SPE0412025_ADV_JAVA\vehicle_tracking)
2025-05-28 17:30:08.516 [restartedMain] INFO  c.v.v.VehicleTrackingApplication - No active profile set, falling back to 1 default profile: "default"
2025-05-28 17:30:08.539 [restartedMain] INFO  o.s.b.d.e.DevToolsPropertyDefaultsPostProcessor - Devtools property defaults active! Set 'spring.devtools.add-properties' to 'false' to disable
2025-05-28 17:30:08.539 [restartedMain] INFO  o.s.b.d.e.DevToolsPropertyDefaultsPostProcessor - For additional web related logging consider setting the 'logging.level.web' property to 'DEBUG'
2025-05-28 17:30:08.610 [restartedMain] DEBUG o.s.c.a.ClassPathBeanDefinitionScanner - Identified candidate component class: file [C:\Users\User\Documents\ne_2025\340722SPE0412025_ADV_JAVA\vehicle_tracking\target\classes\com\vehicle_tracking\vehicle_tracking\aspects\AuditLogging.class]
2025-05-28 17:30:08.619 [restartedMain] DEBUG o.s.c.a.ClassPathBeanDefinitionScanner - Identified candidate component class: file [C:\Users\User\Documents\ne_2025\340722SPE0412025_ADV_JAVA\vehicle_tracking\target\classes\com\vehicle_tracking\vehicle_tracking\aspects\LoggingAspect.class]
2025-05-28 17:30:08.655 [restartedMain] DEBUG o.s.c.a.ClassPathBeanDefinitionScanner - Identified candidate component class: file [C:\Users\User\Documents\ne_2025\340722SPE0412025_ADV_JAVA\vehicle_tracking\target\classes\com\vehicle_tracking\vehicle_tracking\config\BeansConfig.class]
2025-05-28 17:30:08.674 [restartedMain] DEBUG o.s.c.a.ClassPathBeanDefinitionScanner - Identified candidate component class: file [C:\Users\User\Documents\ne_2025\340722SPE0412025_ADV_JAVA\vehicle_tracking\target\classes\com\vehicle_tracking\vehicle_tracking\config\OpenApiConfigs.class]
2025-05-28 17:30:08.685 [restartedMain] DEBUG o.s.c.a.ClassPathBeanDefinitionScanner - Identified candidate component class: file [C:\Users\User\Documents\ne_2025\340722SPE0412025_ADV_JAVA\vehicle_tracking\target\classes\com\vehicle_tracking\vehicle_tracking\config\WebConfig.class]
2025-05-28 17:30:08.700 [restartedMain] DEBUG o.s.c.a.ClassPathBeanDefinitionScanner - Identified candidate component class: file [C:\Users\User\Documents\ne_2025\340722SPE0412025_ADV_JAVA\vehicle_tracking\target\classes\com\vehicle_tracking\vehicle_tracking\controllers\AuditLogController.class]
2025-05-28 17:30:08.714 [restartedMain] DEBUG o.s.c.a.ClassPathBeanDefinitionScanner - Identified candidate component class: file [C:\Users\User\Documents\ne_2025\340722SPE0412025_ADV_JAVA\vehicle_tracking\target\classes\com\vehicle_tracking\vehicle_tracking\controllers\AuthController.class]
2025-05-28 17:30:08.735 [restartedMain] DEBUG o.s.c.a.ClassPathBeanDefinitionScanner - Identified candidate component class: file [C:\Users\User\Documents\ne_2025\340722SPE0412025_ADV_JAVA\vehicle_tracking\target\classes\com\vehicle_tracking\vehicle_tracking\controllers\FileController.class]
2025-05-28 17:30:08.749 [restartedMain] DEBUG o.s.c.a.ClassPathBeanDefinitionScanner - Identified candidate component class: file [C:\Users\User\Documents\ne_2025\340722SPE0412025_ADV_JAVA\vehicle_tracking\target\classes\com\vehicle_tracking\vehicle_tracking\controllers\OwnerController.class]
2025-05-28 17:30:08.761 [restartedMain] DEBUG o.s.c.a.ClassPathBeanDefinitionScanner - Identified candidate component class: file [C:\Users\User\Documents\ne_2025\340722SPE0412025_ADV_JAVA\vehicle_tracking\target\classes\com\vehicle_tracking\vehicle_tracking\controllers\PdfDownloadController.class]
2025-05-28 17:30:08.768 [restartedMain] DEBUG o.s.c.a.ClassPathBeanDefinitionScanner - Identified candidate component class: file [C:\Users\User\Documents\ne_2025\340722SPE0412025_ADV_JAVA\vehicle_tracking\target\classes\com\vehicle_tracking\vehicle_tracking\controllers\PlateController.class]
2025-05-28 17:30:08.779 [restartedMain] DEBUG o.s.c.a.ClassPathBeanDefinitionScanner - Identified candidate component class: file [C:\Users\User\Documents\ne_2025\340722SPE0412025_ADV_JAVA\vehicle_tracking\target\classes\com\vehicle_tracking\vehicle_tracking\controllers\ReportController.class]
2025-05-28 17:30:08.786 [restartedMain] DEBUG o.s.c.a.ClassPathBeanDefinitionScanner - Identified candidate component class: file [C:\Users\User\Documents\ne_2025\340722SPE0412025_ADV_JAVA\vehicle_tracking\target\classes\com\vehicle_tracking\vehicle_tracking\controllers\TransferController.class]
2025-05-28 17:30:08.793 [restartedMain] DEBUG o.s.c.a.ClassPathBeanDefinitionScanner - Identified candidate component class: file [C:\Users\User\Documents\ne_2025\340722SPE0412025_ADV_JAVA\vehicle_tracking\target\classes\com\vehicle_tracking\vehicle_tracking\controllers\UserController.class]
2025-05-28 17:30:08.801 [restartedMain] DEBUG o.s.c.a.ClassPathBeanDefinitionScanner - Identified candidate component class: file [C:\Users\User\Documents\ne_2025\340722SPE0412025_ADV_JAVA\vehicle_tracking\target\classes\com\vehicle_tracking\vehicle_tracking\controllers\VehicleController.class]
2025-05-28 17:30:08.807 [restartedMain] DEBUG o.s.c.a.ClassPathBeanDefinitionScanner - Identified candidate component class: file [C:\Users\User\Documents\ne_2025\340722SPE0412025_ADV_JAVA\vehicle_tracking\target\classes\com\vehicle_tracking\vehicle_tracking\controllers\VehicleOwnershipHistoryController.class]
2025-05-28 17:30:09.141 [restartedMain] DEBUG o.s.c.a.ClassPathBeanDefinitionScanner - Identified candidate component class: file [C:\Users\User\Documents\ne_2025\340722SPE0412025_ADV_JAVA\vehicle_tracking\target\classes\com\vehicle_tracking\vehicle_tracking\exceptions\GlobalExceptionHandler.class]
2025-05-28 17:30:09.178 [restartedMain] DEBUG o.s.c.a.ClassPathBeanDefinitionScanner - Identified candidate component class: file [C:\Users\User\Documents\ne_2025\340722SPE0412025_ADV_JAVA\vehicle_tracking\target\classes\com\vehicle_tracking\vehicle_tracking\mappers\OwnerMapper.class]
2025-05-28 17:30:09.184 [restartedMain] DEBUG o.s.c.a.ClassPathBeanDefinitionScanner - Identified candidate component class: file [C:\Users\User\Documents\ne_2025\340722SPE0412025_ADV_JAVA\vehicle_tracking\target\classes\com\vehicle_tracking\vehicle_tracking\mappers\VehicleMapper.class]
2025-05-28 17:30:09.243 [restartedMain] DEBUG o.s.c.a.ClassPathBeanDefinitionScanner - Ignored because not a concrete top-level class: file [C:\Users\User\Documents\ne_2025\340722SPE0412025_ADV_JAVA\vehicle_tracking\target\classes\com\vehicle_tracking\vehicle_tracking\repositories\AuditLogRepository.class]
2025-05-28 17:30:09.247 [restartedMain] DEBUG o.s.c.a.ClassPathBeanDefinitionScanner - Ignored because not a concrete top-level class: file [C:\Users\User\Documents\ne_2025\340722SPE0412025_ADV_JAVA\vehicle_tracking\target\classes\com\vehicle_tracking\vehicle_tracking\repositories\FileRepository.class]
2025-05-28 17:30:09.252 [restartedMain] DEBUG o.s.c.a.ClassPathBeanDefinitionScanner - Ignored because not a concrete top-level class: file [C:\Users\User\Documents\ne_2025\340722SPE0412025_ADV_JAVA\vehicle_tracking\target\classes\com\vehicle_tracking\vehicle_tracking\repositories\LicensePlateRepository.class]
2025-05-28 17:30:09.256 [restartedMain] DEBUG o.s.c.a.ClassPathBeanDefinitionScanner - Ignored because not a concrete top-level class: file [C:\Users\User\Documents\ne_2025\340722SPE0412025_ADV_JAVA\vehicle_tracking\target\classes\com\vehicle_tracking\vehicle_tracking\repositories\OwnerRepository.class]
2025-05-28 17:30:09.263 [restartedMain] DEBUG o.s.c.a.ClassPathBeanDefinitionScanner - Ignored because not a concrete top-level class: file [C:\Users\User\Documents\ne_2025\340722SPE0412025_ADV_JAVA\vehicle_tracking\target\classes\com\vehicle_tracking\vehicle_tracking\repositories\PlateRepository.class]
2025-05-28 17:30:09.268 [restartedMain] DEBUG o.s.c.a.ClassPathBeanDefinitionScanner - Ignored because not a concrete top-level class: file [C:\Users\User\Documents\ne_2025\340722SPE0412025_ADV_JAVA\vehicle_tracking\target\classes\com\vehicle_tracking\vehicle_tracking\repositories\RoleRepository.class]
2025-05-28 17:30:09.272 [restartedMain] DEBUG o.s.c.a.ClassPathBeanDefinitionScanner - Ignored because not a concrete top-level class: file [C:\Users\User\Documents\ne_2025\340722SPE0412025_ADV_JAVA\vehicle_tracking\target\classes\com\vehicle_tracking\vehicle_tracking\repositories\TransferRepository.class]
2025-05-28 17:30:09.278 [restartedMain] DEBUG o.s.c.a.ClassPathBeanDefinitionScanner - Ignored because not a concrete top-level class: file [C:\Users\User\Documents\ne_2025\340722SPE0412025_ADV_JAVA\vehicle_tracking\target\classes\com\vehicle_tracking\vehicle_tracking\repositories\UserRepository.class]
2025-05-28 17:30:09.290 [restartedMain] DEBUG o.s.c.a.ClassPathBeanDefinitionScanner - Ignored because not a concrete top-level class: file [C:\Users\User\Documents\ne_2025\340722SPE0412025_ADV_JAVA\vehicle_tracking\target\classes\com\vehicle_tracking\vehicle_tracking\repositories\VehicleTransferRepository.class]
2025-05-28 17:30:09.297 [restartedMain] DEBUG o.s.c.a.ClassPathBeanDefinitionScanner - Identified candidate component class: file [C:\Users\User\Documents\ne_2025\340722SPE0412025_ADV_JAVA\vehicle_tracking\target\classes\com\vehicle_tracking\vehicle_tracking\schedulers\LicensePlateExpirationScheduler.class]
2025-05-28 17:30:09.304 [restartedMain] DEBUG o.s.c.a.ClassPathBeanDefinitionScanner - Identified candidate component class: file [C:\Users\User\Documents\ne_2025\340722SPE0412025_ADV_JAVA\vehicle_tracking\target\classes\com\vehicle_tracking\vehicle_tracking\security\CustomUserDetailsService.class]
2025-05-28 17:30:09.311 [restartedMain] DEBUG o.s.c.a.ClassPathBeanDefinitionScanner - Identified candidate component class: file [C:\Users\User\Documents\ne_2025\340722SPE0412025_ADV_JAVA\vehicle_tracking\target\classes\com\vehicle_tracking\vehicle_tracking\security\jwt\JwtAuthenticationEntryPoint.class]
2025-05-28 17:30:09.318 [restartedMain] DEBUG o.s.c.a.ClassPathBeanDefinitionScanner - Identified candidate component class: file [C:\Users\User\Documents\ne_2025\340722SPE0412025_ADV_JAVA\vehicle_tracking\target\classes\com\vehicle_tracking\vehicle_tracking\security\jwt\JwtAuthenticationFilter.class]
2025-05-28 17:30:09.324 [restartedMain] DEBUG o.s.c.a.ClassPathBeanDefinitionScanner - Identified candidate component class: file [C:\Users\User\Documents\ne_2025\340722SPE0412025_ADV_JAVA\vehicle_tracking\target\classes\com\vehicle_tracking\vehicle_tracking\security\jwt\JwtTokenProvider.class]
2025-05-28 17:30:09.333 [restartedMain] DEBUG o.s.c.a.ClassPathBeanDefinitionScanner - Identified candidate component class: file [C:\Users\User\Documents\ne_2025\340722SPE0412025_ADV_JAVA\vehicle_tracking\target\classes\com\vehicle_tracking\vehicle_tracking\security\SecurityConfig.class]
2025-05-28 17:30:09.364 [restartedMain] DEBUG o.s.c.a.ClassPathBeanDefinitionScanner - Identified candidate component class: file [C:\Users\User\Documents\ne_2025\340722SPE0412025_ADV_JAVA\vehicle_tracking\target\classes\com\vehicle_tracking\vehicle_tracking\services\impl\AuthServiceImpl.class]
2025-05-28 17:30:09.381 [restartedMain] DEBUG o.s.c.a.ClassPathBeanDefinitionScanner - Identified candidate component class: file [C:\Users\User\Documents\ne_2025\340722SPE0412025_ADV_JAVA\vehicle_tracking\target\classes\com\vehicle_tracking\vehicle_tracking\services\impl\FileService.class]
2025-05-28 17:30:09.396 [restartedMain] DEBUG o.s.c.a.ClassPathBeanDefinitionScanner - Identified candidate component class: file [C:\Users\User\Documents\ne_2025\340722SPE0412025_ADV_JAVA\vehicle_tracking\target\classes\com\vehicle_tracking\vehicle_tracking\services\impl\OwnerServiceImpl.class]
2025-05-28 17:30:09.404 [restartedMain] DEBUG o.s.c.a.ClassPathBeanDefinitionScanner - Identified candidate component class: file [C:\Users\User\Documents\ne_2025\340722SPE0412025_ADV_JAVA\vehicle_tracking\target\classes\com\vehicle_tracking\vehicle_tracking\services\impl\OwnerShipServiceImpl.class]
2025-05-28 17:30:09.416 [restartedMain] DEBUG o.s.c.a.ClassPathBeanDefinitionScanner - Identified candidate component class: file [C:\Users\User\Documents\ne_2025\340722SPE0412025_ADV_JAVA\vehicle_tracking\target\classes\com\vehicle_tracking\vehicle_tracking\services\impl\PlateNumberServiceImpl.class]
2025-05-28 17:30:09.428 [restartedMain] DEBUG o.s.c.a.ClassPathBeanDefinitionScanner - Identified candidate component class: file [C:\Users\User\Documents\ne_2025\340722SPE0412025_ADV_JAVA\vehicle_tracking\target\classes\com\vehicle_tracking\vehicle_tracking\services\impl\ReportService.class]
2025-05-28 17:30:09.440 [restartedMain] DEBUG o.s.c.a.ClassPathBeanDefinitionScanner - Identified candidate component class: file [C:\Users\User\Documents\ne_2025\340722SPE0412025_ADV_JAVA\vehicle_tracking\target\classes\com\vehicle_tracking\vehicle_tracking\services\impl\TransferService.class]
2025-05-28 17:30:09.449 [restartedMain] DEBUG o.s.c.a.ClassPathBeanDefinitionScanner - Identified candidate component class: file [C:\Users\User\Documents\ne_2025\340722SPE0412025_ADV_JAVA\vehicle_tracking\target\classes\com\vehicle_tracking\vehicle_tracking\services\impl\UserServiceImpl.class]
2025-05-28 17:30:09.459 [restartedMain] DEBUG o.s.c.a.ClassPathBeanDefinitionScanner - Identified candidate component class: file [C:\Users\User\Documents\ne_2025\340722SPE0412025_ADV_JAVA\vehicle_tracking\target\classes\com\vehicle_tracking\vehicle_tracking\services\impl\VehicleOwnershipHistoryService.class]
2025-05-28 17:30:09.466 [restartedMain] DEBUG o.s.c.a.ClassPathBeanDefinitionScanner - Identified candidate component class: file [C:\Users\User\Documents\ne_2025\340722SPE0412025_ADV_JAVA\vehicle_tracking\target\classes\com\vehicle_tracking\vehicle_tracking\services\impl\VehicleServiceImpl.class]
2025-05-28 17:30:09.508 [restartedMain] DEBUG o.s.c.a.ClassPathBeanDefinitionScanner - Identified candidate component class: file [C:\Users\User\Documents\ne_2025\340722SPE0412025_ADV_JAVA\vehicle_tracking\target\classes\com\vehicle_tracking\vehicle_tracking\services\standalone\FileStorageService.class]
2025-05-28 17:30:09.515 [restartedMain] DEBUG o.s.c.a.ClassPathBeanDefinitionScanner - Identified candidate component class: file [C:\Users\User\Documents\ne_2025\340722SPE0412025_ADV_JAVA\vehicle_tracking\target\classes\com\vehicle_tracking\vehicle_tracking\services\standalone\MailService.class]
2025-05-28 17:30:09.522 [restartedMain] DEBUG o.s.c.a.ClassPathBeanDefinitionScanner - Identified candidate component class: file [C:\Users\User\Documents\ne_2025\340722SPE0412025_ADV_JAVA\vehicle_tracking\target\classes\com\vehicle_tracking\vehicle_tracking\services\standalone\PdfBoxGenerationService.class]
2025-05-28 17:30:10.023 [restartedMain] INFO  o.s.d.r.c.RepositoryConfigurationDelegate - Bootstrapping Spring Data JPA repositories in DEFAULT mode.
2025-05-28 17:30:10.069 [restartedMain] DEBUG o.s.c.a.ClassPathScanningCandidateComponentProvider - Identified candidate component class: file [C:\Users\User\Documents\ne_2025\340722SPE0412025_ADV_JAVA\vehicle_tracking\target\classes\com\vehicle_tracking\vehicle_tracking\audits\EntityAudit$EntityAuditBuilderImpl.class]
2025-05-28 17:30:10.069 [restartedMain] DEBUG o.s.c.a.ClassPathScanningCandidateComponentProvider - Identified candidate component class: file [C:\Users\User\Documents\ne_2025\340722SPE0412025_ADV_JAVA\vehicle_tracking\target\classes\com\vehicle_tracking\vehicle_tracking\services\impl\AuthServiceImpl.class]
2025-05-28 17:30:10.069 [restartedMain] DEBUG o.s.c.a.ClassPathScanningCandidateComponentProvider - Identified candidate component class: file [C:\Users\User\Documents\ne_2025\340722SPE0412025_ADV_JAVA\vehicle_tracking\target\classes\com\vehicle_tracking\vehicle_tracking\services\impl\OwnerServiceImpl.class]
2025-05-28 17:30:10.069 [restartedMain] DEBUG o.s.c.a.ClassPathScanningCandidateComponentProvider - Identified candidate component class: file [C:\Users\User\Documents\ne_2025\340722SPE0412025_ADV_JAVA\vehicle_tracking\target\classes\com\vehicle_tracking\vehicle_tracking\services\impl\OwnerShipServiceImpl.class]
2025-05-28 17:30:10.069 [restartedMain] DEBUG o.s.c.a.ClassPathScanningCandidateComponentProvider - Identified candidate component class: file [C:\Users\User\Documents\ne_2025\340722SPE0412025_ADV_JAVA\vehicle_tracking\target\classes\com\vehicle_tracking\vehicle_tracking\services\impl\PlateNumberServiceImpl.class]
2025-05-28 17:30:10.069 [restartedMain] DEBUG o.s.c.a.ClassPathScanningCandidateComponentProvider - Identified candidate component class: file [C:\Users\User\Documents\ne_2025\340722SPE0412025_ADV_JAVA\vehicle_tracking\target\classes\com\vehicle_tracking\vehicle_tracking\services\impl\UserServiceImpl.class]
2025-05-28 17:30:10.069 [restartedMain] DEBUG o.s.c.a.ClassPathScanningCandidateComponentProvider - Identified candidate component class: file [C:\Users\User\Documents\ne_2025\340722SPE0412025_ADV_JAVA\vehicle_tracking\target\classes\com\vehicle_tracking\vehicle_tracking\services\impl\VehicleServiceImpl.class]
2025-05-28 17:30:10.089 [restartedMain] INFO  o.s.d.r.c.RepositoryConfigurationDelegate - Finished Spring Data repository scanning in 60 ms. Found 9 JPA repository interfaces.
2025-05-28 17:30:10.630 [restartedMain] INFO  o.s.b.w.e.tomcat.TomcatWebServer - Tomcat initialized with port 7000 (http)
2025-05-28 17:30:10.645 [restartedMain] INFO  o.a.coyote.http11.Http11NioProtocol - Initializing ProtocolHandler ["http-nio-7000"]
2025-05-28 17:30:10.647 [restartedMain] INFO  o.a.catalina.core.StandardService - Starting service [Tomcat]
2025-05-28 17:30:10.647 [restartedMain] INFO  o.a.catalina.core.StandardEngine - Starting Servlet engine: [Apache Tomcat/10.1.41]
2025-05-28 17:30:10.674 [restartedMain] INFO  o.a.c.c.C.[Tomcat].[localhost].[/] - Initializing Spring embedded WebApplicationContext
2025-05-28 17:30:10.674 [restartedMain] INFO  o.s.b.w.s.c.ServletWebServerApplicationContext - Root WebApplicationContext: initialization completed in 2134 ms
2025-05-28 17:30:10.775 [restartedMain] INFO  o.h.jpa.internal.util.LogHelper - HHH000204: Processing PersistenceUnitInfo [name: default]
2025-05-28 17:30:10.801 [restartedMain] INFO  org.hibernate.Version - HHH000412: Hibernate ORM core version 6.6.15.Final
2025-05-28 17:30:10.829 [restartedMain] INFO  o.h.c.i.RegionFactoryInitiator - HHH000026: Second-level cache disabled
2025-05-28 17:30:10.978 [restartedMain] INFO  o.s.o.j.p.SpringPersistenceUnitInfo - No LoadTimeWeaver setup: ignoring JPA class transformer
2025-05-28 17:30:10.997 [restartedMain] INFO  com.zaxxer.hikari.HikariDataSource - HikariPool-1 - Starting...
2025-05-28 17:30:11.100 [restartedMain] INFO  com.zaxxer.hikari.pool.HikariPool - HikariPool-1 - Added connection org.postgresql.jdbc.PgConnection@7b323ffe
2025-05-28 17:30:11.101 [restartedMain] INFO  com.zaxxer.hikari.HikariDataSource - HikariPool-1 - Start completed.
2025-05-28 17:30:11.122 [restartedMain] WARN  org.hibernate.orm.deprecation - HHH90000025: PostgreSQLDialect does not need to be specified explicitly using 'hibernate.dialect' (remove the property setting and it will be selected by default)
2025-05-28 17:30:11.136 [restartedMain] INFO  o.hibernate.orm.connections.pooling - HHH10001005: Database info:
	Database JDBC URL [Connecting through datasource 'HikariDataSource (HikariPool-1)']
	Database driver: undefined/unknown
	Database version: 17.4
	Autocommit mode: undefined/unknown
	Isolation level: undefined/unknown
	Minimum pool size: undefined/unknown
	Maximum pool size: undefined/unknown
2025-05-28 17:30:11.892 [restartedMain] INFO  o.h.e.t.j.p.i.JtaPlatformInitiator - HHH000489: No JTA platform available (set 'hibernate.transaction.jta.platform' to enable JTA platform integration)
2025-05-28 17:30:12.284 [restartedMain] INFO  o.s.o.j.LocalContainerEntityManagerFactoryBean - Initialized JPA EntityManagerFactory for persistence unit 'default'
2025-05-28 17:30:12.486 [restartedMain] INFO  o.s.d.j.r.query.QueryEnhancerFactory - Hibernate is in classpath; If applicable, HQL parser will be used.
2025-05-28 17:30:12.928 [restartedMain] INFO  o.s.s.c.a.a.c.InitializeUserDetailsBeanManagerConfigurer$InitializeUserDetailsManagerConfigurer - Global AuthenticationManager configured with UserDetailsService bean with name customUserDetailsService
2025-05-28 17:30:13.639 [restartedMain] WARN  o.s.b.a.o.j.JpaBaseConfiguration$JpaWebConfiguration - spring.jpa.open-in-view is enabled by default. Therefore, database queries may be performed during view rendering. Explicitly configure spring.jpa.open-in-view to disable this warning
2025-05-28 17:30:13.803 [restartedMain] DEBUG o.s.s.web.DefaultSecurityFilterChain - Will secure any request with filters: DisableEncodeUrlFilter, WebAsyncManagerIntegrationFilter, SecurityContextHolderFilter, HeaderWriterFilter, LogoutFilter, JwtAuthenticationFilter, RequestCacheAwareFilter, SecurityContextHolderAwareRequestFilter, AnonymousAuthenticationFilter, SessionManagementFilter, ExceptionTranslationFilter, AuthorizationFilter
2025-05-28 17:30:14.069 [restartedMain] INFO  o.s.b.d.a.OptionalLiveReloadServer - LiveReload server is running on port 35729
2025-05-28 17:30:14.086 [restartedMain] INFO  o.a.coyote.http11.Http11NioProtocol - Starting ProtocolHandler ["http-nio-7000"]
2025-05-28 17:30:14.098 [restartedMain] INFO  o.s.b.w.e.tomcat.TomcatWebServer - Tomcat started on port 7000 (http) with context path '/'
2025-05-28 17:30:14.103 [restartedMain] INFO  c.v.v.VehicleTrackingApplication - Started VehicleTrackingApplication in 5.95 seconds (process running for 6.975)
